10 Aug 2015 16:53:38 Main.py[line:68] INFO ***********FRONT***********
10 Aug 2015 16:53:38 Main.py[line:53] INFO downloading comics [1014]
10 Aug 2015 16:53:38 Main.py[line:39] INFO 	reading web page...
10 Aug 2015 16:53:38 Main.py[line:60] INFO 	 downloading dogname.png --> comics\1014.png
10 Aug 2015 19:38:43 Main.py[line:63] WARNING [PRCS ERROR]
10 Aug 2015 19:38:43 Main.py[line:53] INFO downloading comics [1015]
10 Aug 2015 19:38:43 Main.py[line:63] WARNING [PRCS ERROR]
10 Aug 2015 19:38:43 Main.py[line:53] INFO downloading comics [1016]
10 Aug 2015 19:38:43 Main.py[line:63] WARNING [PRCS ERROR]
10 Aug 2015 19:38:43 Main.py[line:53] INFO downloading comics [1017]
10 Aug 2015 19:38:43 Main.py[line:63] WARNING [PRCS ERROR]
10 Aug 2015 19:38:43 Main.py[line:53] INFO downloading comics [1018]
10 Aug 2015 19:38:43 Main.py[line:63] WARNING [PRCS ERROR]
10 Aug 2015 19:38:43 Main.py[line:53] INFO downloading comics [1019]
10 Aug 2015 19:38:43 Main.py[line:63] WARNING [PRCS ERROR]
10 Aug 2015 19:38:43 Main.py[line:53] INFO downloading comics [1020]
10 Aug 2015 19:38:43 Main.py[line:63] WARNING [PRCS ERROR]
10 Aug 2015 19:38:43 Main.py[line:53] INFO downloading comics [1021]
10 Aug 2015 19:38:43 Main.py[line:63] WARNING [PRCS ERROR]
10 Aug 2015 19:38:43 Main.py[line:53] INFO downloading comics [1022]
10 Aug 2015 19:38:44 Main.py[line:63] WARNING [PRCS ERROR]
10 Aug 2015 19:38:44 Main.py[line:53] INFO downloading comics [1023]
10 Aug 2015 19:38:44 Main.py[line:63] WARNING [PRCS ERROR]
10 Aug 2015 19:38:44 Main.py[line:53] INFO downloading comics [1024]
10 Aug 2015 19:38:44 Main.py[line:63] WARNING [PRCS ERROR]
10 Aug 2015 19:38:44 Main.py[line:53] INFO downloading comics [1025]
10 Aug 2015 19:38:44 Main.py[line:63] WARNING [PRCS ERROR]
10 Aug 2015 19:38:44 Main.py[line:53] INFO downloading comics [1026]
10 Aug 2015 19:38:44 Main.py[line:63] WARNING [PRCS ERROR]
10 Aug 2015 19:38:44 Main.py[line:53] INFO downloading comics [1027]
10 Aug 2015 19:38:44 Main.py[line:63] WARNING [PRCS ERROR]
10 Aug 2015 19:38:44 Main.py[line:53] INFO downloading comics [1028]
10 Aug 2015 19:38:44 Main.py[line:63] WARNING [PRCS ERROR]
10 Aug 2015 19:38:44 Main.py[line:53] INFO downloading comics [1029]
10 Aug 2015 19:38:44 Main.py[line:63] WARNING [PRCS ERROR]
10 Aug 2015 19:38:44 Main.py[line:53] INFO downloading comics [1030]
10 Aug 2015 19:38:44 Main.py[line:63] WARNING [PRCS ERROR]
10 Aug 2015 19:38:44 Main.py[line:53] INFO downloading comics [1031]
10 Aug 2015 19:38:44 Main.py[line:63] WARNING [PRCS ERROR]
10 Aug 2015 19:38:44 Main.py[line:53] INFO downloading comics [1032]
10 Aug 2015 19:38:44 Main.py[line:63] WARNING [PRCS ERROR]
10 Aug 2015 19:38:44 Main.py[line:53] INFO downloading comics [1033]
10 Aug 2015 19:38:44 Main.py[line:63] WARNING [PRCS ERROR]
10 Aug 2015 19:38:44 Main.py[line:53] INFO downloading comics [1034]
10 Aug 2015 19:38:44 Main.py[line:63] WARNING [PRCS ERROR]
10 Aug 2015 19:38:44 Main.py[line:53] INFO downloading comics [1035]
10 Aug 2015 19:38:44 Main.py[line:63] WARNING [PRCS ERROR]
10 Aug 2015 19:38:44 Main.py[line:53] INFO downloading comics [1036]
10 Aug 2015 19:38:44 Main.py[line:63] WARNING [PRCS ERROR]
10 Aug 2015 19:38:44 Main.py[line:53] INFO downloading comics [1037]
10 Aug 2015 19:38:44 Main.py[line:63] WARNING [PRCS ERROR]
10 Aug 2015 19:38:44 Main.py[line:53] INFO downloading comics [1038]
10 Aug 2015 19:38:44 Main.py[line:63] WARNING [PRCS ERROR]
10 Aug 2015 19:38:44 Main.py[line:53] INFO downloading comics [1039]
10 Aug 2015 19:38:44 Main.py[line:63] WARNING [PRCS ERROR]
10 Aug 2015 19:38:44 Main.py[line:53] INFO downloading comics [1040]
10 Aug 2015 19:38:44 Main.py[line:63] WARNING [PRCS ERROR]
10 Aug 2015 19:38:44 Main.py[line:53] INFO downloading comics [1041]
10 Aug 2015 19:38:44 Main.py[line:63] WARNING [PRCS ERROR]
10 Aug 2015 19:38:44 Main.py[line:53] INFO downloading comics [1042]
10 Aug 2015 19:38:44 Main.py[line:63] WARNING [PRCS ERROR]
10 Aug 2015 19:38:44 Main.py[line:53] INFO downloading comics [1043]
10 Aug 2015 19:38:44 Main.py[line:63] WARNING [PRCS ERROR]
10 Aug 2015 19:38:44 Main.py[line:53] INFO downloading comics [1044]
10 Aug 2015 19:38:44 Main.py[line:63] WARNING [PRCS ERROR]
10 Aug 2015 19:38:44 Main.py[line:53] INFO downloading comics [1045]
10 Aug 2015 19:38:44 Main.py[line:63] WARNING [PRCS ERROR]
10 Aug 2015 19:38:44 Main.py[line:53] INFO downloading comics [1046]
10 Aug 2015 19:38:44 Main.py[line:63] WARNING [PRCS ERROR]
10 Aug 2015 19:38:44 Main.py[line:53] INFO downloading comics [1047]
10 Aug 2015 19:38:44 Main.py[line:63] WARNING [PRCS ERROR]
10 Aug 2015 19:38:44 Main.py[line:53] INFO downloading comics [1048]
10 Aug 2015 19:38:44 Main.py[line:63] WARNING [PRCS ERROR]
10 Aug 2015 19:38:44 Main.py[line:53] INFO downloading comics [1049]
10 Aug 2015 19:38:44 Main.py[line:63] WARNING [PRCS ERROR]
10 Aug 2015 19:38:44 Main.py[line:53] INFO downloading comics [1050]
10 Aug 2015 19:38:44 Main.py[line:63] WARNING [PRCS ERROR]
10 Aug 2015 19:38:44 Main.py[line:53] INFO downloading comics [1051]
10 Aug 2015 19:38:44 Main.py[line:63] WARNING [PRCS ERROR]
10 Aug 2015 19:38:44 Main.py[line:53] INFO downloading comics [1052]
10 Aug 2015 19:38:44 Main.py[line:63] WARNING [PRCS ERROR]
10 Aug 2015 19:38:44 Main.py[line:53] INFO downloading comics [1053]
10 Aug 2015 19:38:44 Main.py[line:63] WARNING [PRCS ERROR]
10 Aug 2015 19:38:44 Main.py[line:53] INFO downloading comics [1054]
10 Aug 2015 19:38:44 Main.py[line:63] WARNING [PRCS ERROR]
10 Aug 2015 19:38:44 Main.py[line:53] INFO downloading comics [1055]
10 Aug 2015 19:38:44 Main.py[line:63] WARNING [PRCS ERROR]
10 Aug 2015 19:38:44 Main.py[line:53] INFO downloading comics [1056]
10 Aug 2015 19:38:44 Main.py[line:63] WARNING [PRCS ERROR]
10 Aug 2015 19:38:44 Main.py[line:53] INFO downloading comics [1057]
10 Aug 2015 19:38:44 Main.py[line:63] WARNING [PRCS ERROR]
10 Aug 2015 19:38:44 Main.py[line:53] INFO downloading comics [1058]
10 Aug 2015 19:38:44 Main.py[line:63] WARNING [PRCS ERROR]
10 Aug 2015 19:38:44 Main.py[line:53] INFO downloading comics [1059]
10 Aug 2015 19:38:44 Main.py[line:63] WARNING [PRCS ERROR]
10 Aug 2015 19:38:44 Main.py[line:53] INFO downloading comics [1060]
10 Aug 2015 19:38:44 Main.py[line:63] WARNING [PRCS ERROR]
10 Aug 2015 19:38:44 Main.py[line:53] INFO downloading comics [1061]
10 Aug 2015 19:38:44 Main.py[line:63] WARNING [PRCS ERROR]
10 Aug 2015 19:38:44 Main.py[line:53] INFO downloading comics [1062]
10 Aug 2015 19:38:44 Main.py[line:63] WARNING [PRCS ERROR]
10 Aug 2015 19:38:44 Main.py[line:53] INFO downloading comics [1063]
10 Aug 2015 19:38:44 Main.py[line:63] WARNING [PRCS ERROR]
10 Aug 2015 19:38:44 Main.py[line:53] INFO downloading comics [1064]
10 Aug 2015 19:38:44 Main.py[line:63] WARNING [PRCS ERROR]
10 Aug 2015 19:38:44 Main.py[line:53] INFO downloading comics [1065]
10 Aug 2015 19:38:44 Main.py[line:63] WARNING [PRCS ERROR]
10 Aug 2015 19:38:44 Main.py[line:53] INFO downloading comics [1066]
10 Aug 2015 19:38:44 Main.py[line:63] WARNING [PRCS ERROR]
10 Aug 2015 19:38:44 Main.py[line:53] INFO downloading comics [1067]
10 Aug 2015 19:38:44 Main.py[line:63] WARNING [PRCS ERROR]
10 Aug 2015 19:38:44 Main.py[line:53] INFO downloading comics [1068]
10 Aug 2015 19:38:44 Main.py[line:63] WARNING [PRCS ERROR]
10 Aug 2015 19:38:44 Main.py[line:53] INFO downloading comics [1069]
10 Aug 2015 19:38:44 Main.py[line:63] WARNING [PRCS ERROR]
10 Aug 2015 19:38:44 Main.py[line:53] INFO downloading comics [1070]
10 Aug 2015 19:38:44 Main.py[line:63] WARNING [PRCS ERROR]
10 Aug 2015 19:38:44 Main.py[line:53] INFO downloading comics [1071]
10 Aug 2015 19:38:44 Main.py[line:63] WARNING [PRCS ERROR]
10 Aug 2015 19:38:44 Main.py[line:53] INFO downloading comics [1072]
10 Aug 2015 19:38:44 Main.py[line:63] WARNING [PRCS ERROR]
10 Aug 2015 19:38:44 Main.py[line:53] INFO downloading comics [1073]
10 Aug 2015 19:38:44 Main.py[line:63] WARNING [PRCS ERROR]
10 Aug 2015 19:38:44 Main.py[line:53] INFO downloading comics [1074]
10 Aug 2015 19:38:44 Main.py[line:63] WARNING [PRCS ERROR]
10 Aug 2015 19:38:44 Main.py[line:53] INFO downloading comics [1075]
10 Aug 2015 19:38:44 Main.py[line:63] WARNING [PRCS ERROR]
10 Aug 2015 19:38:44 Main.py[line:53] INFO downloading comics [1076]
10 Aug 2015 19:38:44 Main.py[line:63] WARNING [PRCS ERROR]
10 Aug 2015 19:38:44 Main.py[line:53] INFO downloading comics [1077]
10 Aug 2015 19:38:44 Main.py[line:63] WARNING [PRCS ERROR]
10 Aug 2015 19:38:44 Main.py[line:53] INFO downloading comics [1078]
10 Aug 2015 19:38:44 Main.py[line:63] WARNING [PRCS ERROR]
10 Aug 2015 19:38:44 Main.py[line:53] INFO downloading comics [1079]
10 Aug 2015 19:38:44 Main.py[line:63] WARNING [PRCS ERROR]
10 Aug 2015 19:38:44 Main.py[line:53] INFO downloading comics [1080]
10 Aug 2015 19:38:44 Main.py[line:63] WARNING [PRCS ERROR]
10 Aug 2015 19:38:44 Main.py[line:53] INFO downloading comics [1081]
10 Aug 2015 19:38:44 Main.py[line:63] WARNING [PRCS ERROR]
10 Aug 2015 19:38:44 Main.py[line:53] INFO downloading comics [1082]
10 Aug 2015 19:38:45 Main.py[line:63] WARNING [PRCS ERROR]
10 Aug 2015 19:38:45 Main.py[line:53] INFO downloading comics [1083]
10 Aug 2015 19:38:45 Main.py[line:63] WARNING [PRCS ERROR]
10 Aug 2015 19:38:45 Main.py[line:53] INFO downloading comics [1084]
10 Aug 2015 19:38:45 Main.py[line:63] WARNING [PRCS ERROR]
10 Aug 2015 19:38:45 Main.py[line:53] INFO downloading comics [1085]
10 Aug 2015 19:38:45 Main.py[line:63] WARNING [PRCS ERROR]
10 Aug 2015 19:38:45 Main.py[line:53] INFO downloading comics [1086]
10 Aug 2015 19:38:45 Main.py[line:63] WARNING [PRCS ERROR]
10 Aug 2015 19:38:45 Main.py[line:53] INFO downloading comics [1087]
10 Aug 2015 19:38:45 Main.py[line:63] WARNING [PRCS ERROR]
10 Aug 2015 19:38:45 Main.py[line:53] INFO downloading comics [1088]
10 Aug 2015 19:38:45 Main.py[line:63] WARNING [PRCS ERROR]
10 Aug 2015 19:38:45 Main.py[line:53] INFO downloading comics [1089]
10 Aug 2015 19:38:45 Main.py[line:63] WARNING [PRCS ERROR]
10 Aug 2015 19:38:45 Main.py[line:53] INFO downloading comics [1090]
10 Aug 2015 19:38:45 Main.py[line:63] WARNING [PRCS ERROR]
10 Aug 2015 19:38:45 Main.py[line:53] INFO downloading comics [1091]
10 Aug 2015 19:38:45 Main.py[line:63] WARNING [PRCS ERROR]
10 Aug 2015 19:38:45 Main.py[line:53] INFO downloading comics [1092]
10 Aug 2015 19:38:45 Main.py[line:63] WARNING [PRCS ERROR]
10 Aug 2015 19:38:45 Main.py[line:53] INFO downloading comics [1093]
10 Aug 2015 19:38:45 Main.py[line:63] WARNING [PRCS ERROR]
10 Aug 2015 19:38:45 Main.py[line:53] INFO downloading comics [1094]
10 Aug 2015 19:38:45 Main.py[line:63] WARNING [PRCS ERROR]
10 Aug 2015 19:38:45 Main.py[line:53] INFO downloading comics [1095]
10 Aug 2015 19:38:45 Main.py[line:63] WARNING [PRCS ERROR]
10 Aug 2015 19:38:45 Main.py[line:53] INFO downloading comics [1096]
10 Aug 2015 19:38:45 Main.py[line:63] WARNING [PRCS ERROR]
10 Aug 2015 19:38:45 Main.py[line:53] INFO downloading comics [1097]
10 Aug 2015 19:38:45 Main.py[line:63] WARNING [PRCS ERROR]
10 Aug 2015 19:38:45 Main.py[line:53] INFO downloading comics [1098]
10 Aug 2015 19:38:45 Main.py[line:63] WARNING [PRCS ERROR]
10 Aug 2015 19:38:45 Main.py[line:53] INFO downloading comics [1099]
10 Aug 2015 19:38:45 Main.py[line:63] WARNING [PRCS ERROR]
10 Aug 2015 19:38:45 Main.py[line:53] INFO downloading comics [1100]
10 Aug 2015 19:38:45 Main.py[line:63] WARNING [PRCS ERROR]
10 Aug 2015 19:38:45 Main.py[line:53] INFO downloading comics [1101]
10 Aug 2015 19:38:45 Main.py[line:63] WARNING [PRCS ERROR]
10 Aug 2015 19:38:45 Main.py[line:53] INFO downloading comics [1102]
10 Aug 2015 19:38:45 Main.py[line:63] WARNING [PRCS ERROR]
10 Aug 2015 19:38:45 Main.py[line:53] INFO downloading comics [1103]
10 Aug 2015 19:38:45 Main.py[line:63] WARNING [PRCS ERROR]
10 Aug 2015 19:38:45 Main.py[line:53] INFO downloading comics [1104]
10 Aug 2015 19:38:45 Main.py[line:63] WARNING [PRCS ERROR]
10 Aug 2015 19:38:45 Main.py[line:53] INFO downloading comics [1105]
10 Aug 2015 19:38:45 Main.py[line:63] WARNING [PRCS ERROR]
10 Aug 2015 19:38:45 Main.py[line:53] INFO downloading comics [1106]
10 Aug 2015 19:38:45 Main.py[line:63] WARNING [PRCS ERROR]
10 Aug 2015 19:38:45 Main.py[line:53] INFO downloading comics [1107]
10 Aug 2015 19:38:45 Main.py[line:63] WARNING [PRCS ERROR]
10 Aug 2015 19:38:45 Main.py[line:53] INFO downloading comics [1108]
10 Aug 2015 19:38:45 Main.py[line:63] WARNING [PRCS ERROR]
10 Aug 2015 19:38:45 Main.py[line:53] INFO downloading comics [1109]
10 Aug 2015 19:38:45 Main.py[line:63] WARNING [PRCS ERROR]
10 Aug 2015 19:38:45 Main.py[line:53] INFO downloading comics [1110]
10 Aug 2015 19:38:45 Main.py[line:63] WARNING [PRCS ERROR]
10 Aug 2015 19:38:45 Main.py[line:53] INFO downloading comics [1111]
10 Aug 2015 19:38:45 Main.py[line:63] WARNING [PRCS ERROR]
10 Aug 2015 19:38:45 Main.py[line:53] INFO downloading comics [1112]
10 Aug 2015 19:38:45 Main.py[line:63] WARNING [PRCS ERROR]
10 Aug 2015 19:38:45 Main.py[line:53] INFO downloading comics [1113]
10 Aug 2015 19:38:45 Main.py[line:63] WARNING [PRCS ERROR]
10 Aug 2015 19:38:45 Main.py[line:53] INFO downloading comics [1114]
10 Aug 2015 19:38:45 Main.py[line:63] WARNING [PRCS ERROR]
10 Aug 2015 19:38:45 Main.py[line:53] INFO downloading comics [1115]
10 Aug 2015 19:38:45 Main.py[line:63] WARNING [PRCS ERROR]
10 Aug 2015 19:38:45 Main.py[line:53] INFO downloading comics [1116]
10 Aug 2015 19:38:45 Main.py[line:63] WARNING [PRCS ERROR]
10 Aug 2015 19:38:45 Main.py[line:53] INFO downloading comics [1117]
10 Aug 2015 19:38:45 Main.py[line:63] WARNING [PRCS ERROR]
10 Aug 2015 19:38:45 Main.py[line:53] INFO downloading comics [1118]
10 Aug 2015 19:38:45 Main.py[line:63] WARNING [PRCS ERROR]
10 Aug 2015 19:38:45 Main.py[line:53] INFO downloading comics [1119]
10 Aug 2015 19:38:45 Main.py[line:63] WARNING [PRCS ERROR]
10 Aug 2015 19:38:45 Main.py[line:53] INFO downloading comics [1120]
10 Aug 2015 19:38:45 Main.py[line:63] WARNING [PRCS ERROR]
10 Aug 2015 19:38:45 Main.py[line:53] INFO downloading comics [1121]
10 Aug 2015 19:38:45 Main.py[line:63] WARNING [PRCS ERROR]
10 Aug 2015 19:38:45 Main.py[line:53] INFO downloading comics [1122]
10 Aug 2015 19:38:45 Main.py[line:63] WARNING [PRCS ERROR]
10 Aug 2015 19:38:45 Main.py[line:53] INFO downloading comics [1123]
10 Aug 2015 19:38:45 Main.py[line:63] WARNING [PRCS ERROR]
10 Aug 2015 19:38:45 Main.py[line:53] INFO downloading comics [1124]
10 Aug 2015 19:38:45 Main.py[line:63] WARNING [PRCS ERROR]
10 Aug 2015 19:38:45 Main.py[line:53] INFO downloading comics [1125]
10 Aug 2015 19:38:45 Main.py[line:63] WARNING [PRCS ERROR]
10 Aug 2015 19:38:45 Main.py[line:53] INFO downloading comics [1126]
10 Aug 2015 19:38:45 Main.py[line:63] WARNING [PRCS ERROR]
10 Aug 2015 19:38:45 Main.py[line:53] INFO downloading comics [1127]
10 Aug 2015 19:38:45 Main.py[line:63] WARNING [PRCS ERROR]
10 Aug 2015 19:38:45 Main.py[line:53] INFO downloading comics [1128]
10 Aug 2015 19:38:45 Main.py[line:63] WARNING [PRCS ERROR]
10 Aug 2015 19:38:45 Main.py[line:53] INFO downloading comics [1129]
10 Aug 2015 19:38:45 Main.py[line:63] WARNING [PRCS ERROR]
10 Aug 2015 19:38:45 Main.py[line:53] INFO downloading comics [1130]
10 Aug 2015 19:38:45 Main.py[line:63] WARNING [PRCS ERROR]
10 Aug 2015 19:38:45 Main.py[line:53] INFO downloading comics [1131]
10 Aug 2015 19:38:45 Main.py[line:63] WARNING [PRCS ERROR]
10 Aug 2015 19:38:45 Main.py[line:53] INFO downloading comics [1132]
10 Aug 2015 19:38:45 Main.py[line:63] WARNING [PRCS ERROR]
10 Aug 2015 19:38:45 Main.py[line:53] INFO downloading comics [1133]
10 Aug 2015 19:38:45 Main.py[line:63] WARNING [PRCS ERROR]
10 Aug 2015 19:38:45 Main.py[line:53] INFO downloading comics [1134]
10 Aug 2015 19:38:45 Main.py[line:63] WARNING [PRCS ERROR]
10 Aug 2015 19:38:45 Main.py[line:53] INFO downloading comics [1135]
10 Aug 2015 19:38:45 Main.py[line:63] WARNING [PRCS ERROR]
10 Aug 2015 19:38:45 Main.py[line:53] INFO downloading comics [1136]
10 Aug 2015 19:38:45 Main.py[line:63] WARNING [PRCS ERROR]
10 Aug 2015 19:38:45 Main.py[line:53] INFO downloading comics [1137]
10 Aug 2015 19:38:45 Main.py[line:63] WARNING [PRCS ERROR]
10 Aug 2015 19:38:45 Main.py[line:53] INFO downloading comics [1138]
10 Aug 2015 19:38:45 Main.py[line:63] WARNING [PRCS ERROR]
10 Aug 2015 19:38:45 Main.py[line:53] INFO downloading comics [1139]
10 Aug 2015 19:38:45 Main.py[line:63] WARNING [PRCS ERROR]
10 Aug 2015 19:38:45 Main.py[line:53] INFO downloading comics [1140]
10 Aug 2015 19:38:45 Main.py[line:63] WARNING [PRCS ERROR]
10 Aug 2015 19:38:45 Main.py[line:53] INFO downloading comics [1141]
10 Aug 2015 19:38:45 Main.py[line:63] WARNING [PRCS ERROR]
10 Aug 2015 19:38:45 Main.py[line:53] INFO downloading comics [1142]
10 Aug 2015 19:38:45 Main.py[line:63] WARNING [PRCS ERROR]
10 Aug 2015 19:38:45 Main.py[line:53] INFO downloading comics [1143]
10 Aug 2015 19:38:45 Main.py[line:63] WARNING [PRCS ERROR]
10 Aug 2015 19:38:45 Main.py[line:53] INFO downloading comics [1144]
10 Aug 2015 19:38:45 Main.py[line:63] WARNING [PRCS ERROR]
10 Aug 2015 19:38:45 Main.py[line:53] INFO downloading comics [1145]
10 Aug 2015 19:38:45 Main.py[line:63] WARNING [PRCS ERROR]
10 Aug 2015 19:38:45 Main.py[line:53] INFO downloading comics [1146]
10 Aug 2015 19:38:45 Main.py[line:63] WARNING [PRCS ERROR]
10 Aug 2015 19:38:45 Main.py[line:53] INFO downloading comics [1147]
10 Aug 2015 19:38:45 Main.py[line:63] WARNING [PRCS ERROR]
10 Aug 2015 19:38:45 Main.py[line:53] INFO downloading comics [1148]
10 Aug 2015 19:38:45 Main.py[line:63] WARNING [PRCS ERROR]
10 Aug 2015 19:38:45 Main.py[line:53] INFO downloading comics [1149]
10 Aug 2015 19:38:45 Main.py[line:63] WARNING [PRCS ERROR]
10 Aug 2015 19:38:45 Main.py[line:53] INFO downloading comics [1150]
10 Aug 2015 19:38:45 Main.py[line:63] WARNING [PRCS ERROR]
10 Aug 2015 19:38:45 Main.py[line:53] INFO downloading comics [1151]
10 Aug 2015 19:38:45 Main.py[line:63] WARNING [PRCS ERROR]
10 Aug 2015 19:38:45 Main.py[line:53] INFO downloading comics [1152]
10 Aug 2015 19:38:45 Main.py[line:63] WARNING [PRCS ERROR]
10 Aug 2015 19:38:45 Main.py[line:53] INFO downloading comics [1153]
10 Aug 2015 19:38:45 Main.py[line:63] WARNING [PRCS ERROR]
10 Aug 2015 19:38:45 Main.py[line:53] INFO downloading comics [1154]
10 Aug 2015 19:38:45 Main.py[line:63] WARNING [PRCS ERROR]
10 Aug 2015 19:38:45 Main.py[line:53] INFO downloading comics [1155]
10 Aug 2015 19:38:45 Main.py[line:63] WARNING [PRCS ERROR]
10 Aug 2015 19:38:45 Main.py[line:53] INFO downloading comics [1156]
10 Aug 2015 19:38:45 Main.py[line:63] WARNING [PRCS ERROR]
10 Aug 2015 19:38:45 Main.py[line:53] INFO downloading comics [1157]
10 Aug 2015 19:38:45 Main.py[line:63] WARNING [PRCS ERROR]
10 Aug 2015 19:38:45 Main.py[line:53] INFO downloading comics [1158]
10 Aug 2015 19:38:45 Main.py[line:63] WARNING [PRCS ERROR]
10 Aug 2015 19:38:45 Main.py[line:53] INFO downloading comics [1159]
10 Aug 2015 19:38:45 Main.py[line:63] WARNING [PRCS ERROR]
10 Aug 2015 19:38:45 Main.py[line:53] INFO downloading comics [1160]
10 Aug 2015 19:38:45 Main.py[line:63] WARNING [PRCS ERROR]
10 Aug 2015 19:38:45 Main.py[line:53] INFO downloading comics [1161]
10 Aug 2015 19:38:46 Main.py[line:63] WARNING [PRCS ERROR]
10 Aug 2015 19:38:46 Main.py[line:53] INFO downloading comics [1162]
10 Aug 2015 19:38:46 Main.py[line:63] WARNING [PRCS ERROR]
10 Aug 2015 19:38:46 Main.py[line:53] INFO downloading comics [1163]
10 Aug 2015 19:38:46 Main.py[line:63] WARNING [PRCS ERROR]
10 Aug 2015 19:38:46 Main.py[line:53] INFO downloading comics [1164]
10 Aug 2015 19:38:46 Main.py[line:63] WARNING [PRCS ERROR]
10 Aug 2015 19:38:46 Main.py[line:53] INFO downloading comics [1165]
10 Aug 2015 19:38:46 Main.py[line:63] WARNING [PRCS ERROR]
10 Aug 2015 19:38:46 Main.py[line:53] INFO downloading comics [1166]
10 Aug 2015 19:38:46 Main.py[line:63] WARNING [PRCS ERROR]
10 Aug 2015 19:38:46 Main.py[line:53] INFO downloading comics [1167]
10 Aug 2015 19:38:46 Main.py[line:63] WARNING [PRCS ERROR]
10 Aug 2015 19:38:46 Main.py[line:53] INFO downloading comics [1168]
10 Aug 2015 19:38:46 Main.py[line:63] WARNING [PRCS ERROR]
10 Aug 2015 19:38:46 Main.py[line:53] INFO downloading comics [1169]
10 Aug 2015 19:38:46 Main.py[line:63] WARNING [PRCS ERROR]
10 Aug 2015 19:38:46 Main.py[line:53] INFO downloading comics [1170]
10 Aug 2015 19:38:46 Main.py[line:63] WARNING [PRCS ERROR]
10 Aug 2015 19:38:46 Main.py[line:53] INFO downloading comics [1171]
10 Aug 2015 19:38:46 Main.py[line:63] WARNING [PRCS ERROR]
10 Aug 2015 19:38:46 Main.py[line:53] INFO downloading comics [1172]
10 Aug 2015 19:38:46 Main.py[line:63] WARNING [PRCS ERROR]
10 Aug 2015 19:38:46 Main.py[line:53] INFO downloading comics [1173]
10 Aug 2015 19:38:46 Main.py[line:63] WARNING [PRCS ERROR]
10 Aug 2015 19:38:46 Main.py[line:53] INFO downloading comics [1174]
10 Aug 2015 19:38:46 Main.py[line:63] WARNING [PRCS ERROR]
10 Aug 2015 19:38:46 Main.py[line:53] INFO downloading comics [1175]
10 Aug 2015 19:38:46 Main.py[line:63] WARNING [PRCS ERROR]
10 Aug 2015 19:38:46 Main.py[line:53] INFO downloading comics [1176]
10 Aug 2015 19:38:46 Main.py[line:63] WARNING [PRCS ERROR]
10 Aug 2015 19:38:46 Main.py[line:53] INFO downloading comics [1177]
10 Aug 2015 19:38:46 Main.py[line:63] WARNING [PRCS ERROR]
10 Aug 2015 19:38:46 Main.py[line:53] INFO downloading comics [1178]
10 Aug 2015 19:38:46 Main.py[line:63] WARNING [PRCS ERROR]
10 Aug 2015 19:38:46 Main.py[line:53] INFO downloading comics [1179]
10 Aug 2015 19:38:46 Main.py[line:63] WARNING [PRCS ERROR]
10 Aug 2015 19:38:46 Main.py[line:53] INFO downloading comics [1180]
10 Aug 2015 19:38:46 Main.py[line:63] WARNING [PRCS ERROR]
10 Aug 2015 19:38:46 Main.py[line:53] INFO downloading comics [1181]
10 Aug 2015 19:38:46 Main.py[line:63] WARNING [PRCS ERROR]
10 Aug 2015 19:38:46 Main.py[line:53] INFO downloading comics [1182]
10 Aug 2015 19:38:46 Main.py[line:63] WARNING [PRCS ERROR]
10 Aug 2015 19:38:46 Main.py[line:53] INFO downloading comics [1183]
10 Aug 2015 19:38:46 Main.py[line:63] WARNING [PRCS ERROR]
10 Aug 2015 19:38:46 Main.py[line:53] INFO downloading comics [1184]
10 Aug 2015 19:38:46 Main.py[line:63] WARNING [PRCS ERROR]
10 Aug 2015 19:38:46 Main.py[line:53] INFO downloading comics [1185]
10 Aug 2015 19:38:46 Main.py[line:63] WARNING [PRCS ERROR]
10 Aug 2015 19:38:46 Main.py[line:53] INFO downloading comics [1186]
10 Aug 2015 19:38:46 Main.py[line:63] WARNING [PRCS ERROR]
10 Aug 2015 19:38:46 Main.py[line:53] INFO downloading comics [1187]
10 Aug 2015 19:38:46 Main.py[line:63] WARNING [PRCS ERROR]
10 Aug 2015 19:38:46 Main.py[line:53] INFO downloading comics [1188]
10 Aug 2015 19:38:46 Main.py[line:63] WARNING [PRCS ERROR]
10 Aug 2015 19:38:46 Main.py[line:53] INFO downloading comics [1189]
10 Aug 2015 19:38:46 Main.py[line:63] WARNING [PRCS ERROR]
10 Aug 2015 19:38:46 Main.py[line:53] INFO downloading comics [1190]
10 Aug 2015 19:38:46 Main.py[line:63] WARNING [PRCS ERROR]
10 Aug 2015 19:38:46 Main.py[line:53] INFO downloading comics [1191]
10 Aug 2015 19:38:46 Main.py[line:63] WARNING [PRCS ERROR]
10 Aug 2015 19:38:46 Main.py[line:53] INFO downloading comics [1192]
10 Aug 2015 19:38:46 Main.py[line:63] WARNING [PRCS ERROR]
10 Aug 2015 19:38:46 Main.py[line:53] INFO downloading comics [1193]
10 Aug 2015 19:38:46 Main.py[line:63] WARNING [PRCS ERROR]
10 Aug 2015 19:38:46 Main.py[line:53] INFO downloading comics [1194]
10 Aug 2015 19:38:46 Main.py[line:63] WARNING [PRCS ERROR]
10 Aug 2015 19:38:46 Main.py[line:53] INFO downloading comics [1195]
10 Aug 2015 19:38:46 Main.py[line:63] WARNING [PRCS ERROR]
10 Aug 2015 19:38:46 Main.py[line:53] INFO downloading comics [1196]
10 Aug 2015 19:38:46 Main.py[line:63] WARNING [PRCS ERROR]
10 Aug 2015 19:38:46 Main.py[line:53] INFO downloading comics [1197]
10 Aug 2015 19:38:46 Main.py[line:63] WARNING [PRCS ERROR]
10 Aug 2015 19:38:46 Main.py[line:53] INFO downloading comics [1198]
10 Aug 2015 19:38:46 Main.py[line:63] WARNING [PRCS ERROR]
10 Aug 2015 19:38:46 Main.py[line:53] INFO downloading comics [1199]
10 Aug 2015 19:38:46 Main.py[line:63] WARNING [PRCS ERROR]
10 Aug 2015 19:38:46 Main.py[line:53] INFO downloading comics [1200]
10 Aug 2015 19:38:46 Main.py[line:63] WARNING [PRCS ERROR]
10 Aug 2015 19:38:46 Main.py[line:53] INFO downloading comics [1201]
10 Aug 2015 19:38:46 Main.py[line:63] WARNING [PRCS ERROR]
10 Aug 2015 19:38:46 Main.py[line:53] INFO downloading comics [1202]
10 Aug 2015 19:38:46 Main.py[line:63] WARNING [PRCS ERROR]
10 Aug 2015 19:38:46 Main.py[line:53] INFO downloading comics [1203]
10 Aug 2015 19:38:46 Main.py[line:63] WARNING [PRCS ERROR]
10 Aug 2015 19:38:46 Main.py[line:53] INFO downloading comics [1204]
10 Aug 2015 19:38:46 Main.py[line:63] WARNING [PRCS ERROR]
10 Aug 2015 19:38:46 Main.py[line:53] INFO downloading comics [1205]
10 Aug 2015 19:38:46 Main.py[line:63] WARNING [PRCS ERROR]
10 Aug 2015 19:38:46 Main.py[line:53] INFO downloading comics [1206]
10 Aug 2015 19:38:46 Main.py[line:63] WARNING [PRCS ERROR]
10 Aug 2015 19:38:46 Main.py[line:53] INFO downloading comics [1207]
10 Aug 2015 19:38:46 Main.py[line:63] WARNING [PRCS ERROR]
10 Aug 2015 19:38:46 Main.py[line:53] INFO downloading comics [1208]
10 Aug 2015 19:38:46 Main.py[line:63] WARNING [PRCS ERROR]
10 Aug 2015 19:38:46 Main.py[line:53] INFO downloading comics [1209]
10 Aug 2015 19:38:46 Main.py[line:63] WARNING [PRCS ERROR]
10 Aug 2015 19:38:46 Main.py[line:53] INFO downloading comics [1210]
10 Aug 2015 19:38:46 Main.py[line:63] WARNING [PRCS ERROR]
10 Aug 2015 19:38:46 Main.py[line:53] INFO downloading comics [1211]
10 Aug 2015 19:38:46 Main.py[line:63] WARNING [PRCS ERROR]
10 Aug 2015 19:38:46 Main.py[line:53] INFO downloading comics [1212]
10 Aug 2015 19:38:46 Main.py[line:63] WARNING [PRCS ERROR]
10 Aug 2015 19:38:46 Main.py[line:53] INFO downloading comics [1213]
10 Aug 2015 19:38:46 Main.py[line:63] WARNING [PRCS ERROR]
10 Aug 2015 19:38:46 Main.py[line:53] INFO downloading comics [1214]
10 Aug 2015 19:38:46 Main.py[line:63] WARNING [PRCS ERROR]
10 Aug 2015 19:38:46 Main.py[line:53] INFO downloading comics [1215]
10 Aug 2015 19:38:46 Main.py[line:63] WARNING [PRCS ERROR]
10 Aug 2015 19:38:46 Main.py[line:53] INFO downloading comics [1216]
10 Aug 2015 19:38:46 Main.py[line:63] WARNING [PRCS ERROR]
10 Aug 2015 19:38:46 Main.py[line:53] INFO downloading comics [1217]
10 Aug 2015 19:38:46 Main.py[line:63] WARNING [PRCS ERROR]
10 Aug 2015 19:38:46 Main.py[line:53] INFO downloading comics [1218]
10 Aug 2015 19:38:46 Main.py[line:63] WARNING [PRCS ERROR]
10 Aug 2015 19:38:46 Main.py[line:53] INFO downloading comics [1219]
10 Aug 2015 19:38:46 Main.py[line:63] WARNING [PRCS ERROR]
10 Aug 2015 19:38:46 Main.py[line:53] INFO downloading comics [1220]
10 Aug 2015 19:38:46 Main.py[line:63] WARNING [PRCS ERROR]
10 Aug 2015 19:38:46 Main.py[line:53] INFO downloading comics [1221]
10 Aug 2015 19:38:46 Main.py[line:63] WARNING [PRCS ERROR]
10 Aug 2015 19:38:46 Main.py[line:53] INFO downloading comics [1222]
10 Aug 2015 19:38:46 Main.py[line:63] WARNING [PRCS ERROR]
10 Aug 2015 19:38:46 Main.py[line:53] INFO downloading comics [1223]
10 Aug 2015 19:38:46 Main.py[line:63] WARNING [PRCS ERROR]
10 Aug 2015 19:38:46 Main.py[line:53] INFO downloading comics [1224]
10 Aug 2015 19:38:46 Main.py[line:63] WARNING [PRCS ERROR]
10 Aug 2015 19:38:46 Main.py[line:53] INFO downloading comics [1225]
10 Aug 2015 19:38:46 Main.py[line:63] WARNING [PRCS ERROR]
10 Aug 2015 19:38:46 Main.py[line:53] INFO downloading comics [1226]
10 Aug 2015 19:38:46 Main.py[line:63] WARNING [PRCS ERROR]
10 Aug 2015 19:38:46 Main.py[line:53] INFO downloading comics [1227]
10 Aug 2015 19:38:46 Main.py[line:63] WARNING [PRCS ERROR]
10 Aug 2015 19:38:46 Main.py[line:53] INFO downloading comics [1228]
10 Aug 2015 19:38:46 Main.py[line:63] WARNING [PRCS ERROR]
10 Aug 2015 19:38:46 Main.py[line:53] INFO downloading comics [1229]
10 Aug 2015 19:38:46 Main.py[line:63] WARNING [PRCS ERROR]
10 Aug 2015 19:38:46 Main.py[line:53] INFO downloading comics [1230]
10 Aug 2015 19:38:46 Main.py[line:63] WARNING [PRCS ERROR]
10 Aug 2015 19:38:46 Main.py[line:53] INFO downloading comics [1231]
10 Aug 2015 19:38:46 Main.py[line:63] WARNING [PRCS ERROR]
10 Aug 2015 19:38:46 Main.py[line:53] INFO downloading comics [1232]
10 Aug 2015 19:38:46 Main.py[line:63] WARNING [PRCS ERROR]
10 Aug 2015 19:38:46 Main.py[line:53] INFO downloading comics [1233]
10 Aug 2015 19:38:46 Main.py[line:63] WARNING [PRCS ERROR]
10 Aug 2015 19:38:46 Main.py[line:53] INFO downloading comics [1234]
10 Aug 2015 19:38:46 Main.py[line:63] WARNING [PRCS ERROR]
10 Aug 2015 19:38:46 Main.py[line:53] INFO downloading comics [1235]
10 Aug 2015 19:38:46 Main.py[line:63] WARNING [PRCS ERROR]
10 Aug 2015 19:38:46 Main.py[line:53] INFO downloading comics [1236]
10 Aug 2015 19:38:46 Main.py[line:63] WARNING [PRCS ERROR]
10 Aug 2015 19:38:46 Main.py[line:53] INFO downloading comics [1237]
10 Aug 2015 19:38:46 Main.py[line:63] WARNING [PRCS ERROR]
10 Aug 2015 19:38:46 Main.py[line:53] INFO downloading comics [1238]
10 Aug 2015 19:38:46 Main.py[line:63] WARNING [PRCS ERROR]
10 Aug 2015 19:38:46 Main.py[line:53] INFO downloading comics [1239]
10 Aug 2015 19:38:46 Main.py[line:63] WARNING [PRCS ERROR]
10 Aug 2015 19:38:46 Main.py[line:53] INFO downloading comics [1240]
10 Aug 2015 19:38:46 Main.py[line:63] WARNING [PRCS ERROR]
10 Aug 2015 19:38:46 Main.py[line:53] INFO downloading comics [1241]
10 Aug 2015 19:38:46 Main.py[line:63] WARNING [PRCS ERROR]
10 Aug 2015 19:38:46 Main.py[line:53] INFO downloading comics [1242]
10 Aug 2015 19:38:46 Main.py[line:63] WARNING [PRCS ERROR]
10 Aug 2015 19:38:46 Main.py[line:53] INFO downloading comics [1243]
10 Aug 2015 19:38:46 Main.py[line:63] WARNING [PRCS ERROR]
10 Aug 2015 19:38:46 Main.py[line:53] INFO downloading comics [1244]
10 Aug 2015 19:38:46 Main.py[line:63] WARNING [PRCS ERROR]
10 Aug 2015 19:38:46 Main.py[line:53] INFO downloading comics [1245]
10 Aug 2015 19:38:46 Main.py[line:63] WARNING [PRCS ERROR]
10 Aug 2015 19:38:46 Main.py[line:53] INFO downloading comics [1246]
10 Aug 2015 19:38:46 Main.py[line:63] WARNING [PRCS ERROR]
10 Aug 2015 19:38:46 Main.py[line:53] INFO downloading comics [1247]
10 Aug 2015 19:38:46 Main.py[line:63] WARNING [PRCS ERROR]
10 Aug 2015 19:38:46 Main.py[line:53] INFO downloading comics [1248]
10 Aug 2015 19:38:46 Main.py[line:63] WARNING [PRCS ERROR]
10 Aug 2015 19:38:46 Main.py[line:53] INFO downloading comics [1249]
10 Aug 2015 19:38:47 Main.py[line:63] WARNING [PRCS ERROR]
10 Aug 2015 19:38:47 Main.py[line:53] INFO downloading comics [1250]
10 Aug 2015 19:38:47 Main.py[line:63] WARNING [PRCS ERROR]
10 Aug 2015 19:38:47 Main.py[line:53] INFO downloading comics [1251]
10 Aug 2015 19:38:47 Main.py[line:63] WARNING [PRCS ERROR]
10 Aug 2015 19:38:47 Main.py[line:53] INFO downloading comics [1252]
10 Aug 2015 19:38:47 Main.py[line:63] WARNING [PRCS ERROR]
10 Aug 2015 19:38:47 Main.py[line:53] INFO downloading comics [1253]
10 Aug 2015 19:38:47 Main.py[line:63] WARNING [PRCS ERROR]
10 Aug 2015 19:38:47 Main.py[line:53] INFO downloading comics [1254]
10 Aug 2015 19:38:47 Main.py[line:63] WARNING [PRCS ERROR]
10 Aug 2015 19:38:47 Main.py[line:53] INFO downloading comics [1255]
10 Aug 2015 19:38:47 Main.py[line:63] WARNING [PRCS ERROR]
10 Aug 2015 19:38:47 Main.py[line:53] INFO downloading comics [1256]
10 Aug 2015 19:38:47 Main.py[line:63] WARNING [PRCS ERROR]
10 Aug 2015 19:38:47 Main.py[line:53] INFO downloading comics [1257]
10 Aug 2015 19:38:47 Main.py[line:63] WARNING [PRCS ERROR]
10 Aug 2015 19:38:47 Main.py[line:53] INFO downloading comics [1258]
10 Aug 2015 19:38:47 Main.py[line:63] WARNING [PRCS ERROR]
10 Aug 2015 19:38:47 Main.py[line:53] INFO downloading comics [1259]
10 Aug 2015 19:38:47 Main.py[line:63] WARNING [PRCS ERROR]
10 Aug 2015 19:38:47 Main.py[line:53] INFO downloading comics [1260]
10 Aug 2015 19:38:47 Main.py[line:63] WARNING [PRCS ERROR]
10 Aug 2015 19:38:47 Main.py[line:53] INFO downloading comics [1261]
10 Aug 2015 19:38:47 Main.py[line:63] WARNING [PRCS ERROR]
10 Aug 2015 19:38:47 Main.py[line:53] INFO downloading comics [1262]
10 Aug 2015 19:38:47 Main.py[line:63] WARNING [PRCS ERROR]
10 Aug 2015 19:38:47 Main.py[line:53] INFO downloading comics [1263]
10 Aug 2015 19:38:47 Main.py[line:63] WARNING [PRCS ERROR]
10 Aug 2015 19:38:47 Main.py[line:53] INFO downloading comics [1264]
10 Aug 2015 19:38:47 Main.py[line:63] WARNING [PRCS ERROR]
10 Aug 2015 19:38:47 Main.py[line:53] INFO downloading comics [1265]
10 Aug 2015 19:38:47 Main.py[line:63] WARNING [PRCS ERROR]
10 Aug 2015 19:38:47 Main.py[line:53] INFO downloading comics [1266]
10 Aug 2015 19:38:47 Main.py[line:63] WARNING [PRCS ERROR]
10 Aug 2015 19:38:47 Main.py[line:53] INFO downloading comics [1267]
10 Aug 2015 19:38:47 Main.py[line:63] WARNING [PRCS ERROR]
10 Aug 2015 19:38:47 Main.py[line:53] INFO downloading comics [1268]
10 Aug 2015 19:38:47 Main.py[line:63] WARNING [PRCS ERROR]
10 Aug 2015 19:38:47 Main.py[line:53] INFO downloading comics [1269]
10 Aug 2015 19:38:47 Main.py[line:63] WARNING [PRCS ERROR]
10 Aug 2015 19:38:47 Main.py[line:53] INFO downloading comics [1270]
10 Aug 2015 19:38:47 Main.py[line:39] INFO 	reading web page...
